<?xml version="1.0" encoding="UTF-8"?>
<testng-results ignored="0" total="1" passed="1" failed="0" skipped="0">
  <reporter-output>
  </reporter-output>
  <suite started-at="2023-02-04T05:13:04Z" name="enam" finished-at="2023-02-04T05:13:39Z" duration-ms="35392">
    <groups>
    </groups>
    <test started-at="2023-02-04T05:13:04Z" name="loginTest" finished-at="2023-02-04T05:13:39Z" duration-ms="35392">
      <class name="com.bikkadit.enam.testCases.TestLoginpage">
        <test-method is-config="true" signature="setup(java.lang.String)[pri:0, instance:com.bikkadit.enam.testCases.TestLoginpage@133e16fd]" started-at="2023-02-04T05:13:04Z" name="setup" finished-at="2023-02-04T05:13:19Z" duration-ms="15201" status="PASS">
          <params>
            <param index="0">
              <value>
                <![CDATA[chrome]]>
              </value>
            </param>
          </params>
          <reporter-output>
          </reporter-output>
        </test-method> <!-- setup -->
        <test-method signature="loginTest()[pri:0, instance:com.bikkadit.enam.testCases.TestLoginpage@133e16fd]" started-at="2023-02-04T05:13:19Z" name="loginTest" finished-at="2023-02-04T05:13:37Z" duration-ms="17984" status="PASS">
          <reporter-output>
          </reporter-output>
        </test-method> <!-- loginTest -->
        <test-method is-config="true" signature="tearDown()[pri:0, instance:com.bikkadit.enam.testCases.TestLoginpage@133e16fd]" started-at="2023-02-04T05:13:37Z" name="tearDown" finished-at="2023-02-04T05:13:39Z" duration-ms="2131" status="PASS">
          <reporter-output>
          </reporter-output>
        </test-method> <!-- tearDown -->
      </class> <!-- com.bikkadit.enam.testCases.TestLoginpage -->
    </test> <!-- loginTest -->
  </suite> <!-- enam -->
</testng-results>
